<?xml version="1.0" encoding="UTF-8"?>
<testng-results ignored="0" total="1" passed="1" failed="0" skipped="0">
  <reporter-output>
  </reporter-output>
  <suite started-at="2024-02-11T16:56:40 IST" name="Default suite" finished-at="2024-02-11T16:56:58 IST" duration-ms="17499">
    <groups>
    </groups>
    <test started-at="2024-02-11T16:56:40 IST" name="Default test" finished-at="2024-02-11T16:56:58 IST" duration-ms="17499">
      <class name="ictak.learnertracker.test.PlacementOfficerLogin">
        <test-method is-config="true" signature="set()[pri:0, instance:ictak.learnertracker.test.PlacementOfficerLogin@4cc451f2]" started-at="2024-02-11T16:56:40 IST" name="set" finished-at="2024-02-11T16:56:51 IST" duration-ms="10247" status="PASS">
          <reporter-output>
          </reporter-output>
        </test-method> <!-- set -->
        <test-method signature="POfficerUpdateThePlacementStatusOfLeaner()[pri:7, instance:ictak.learnertracker.test.PlacementOfficerLogin@4cc451f2]" started-at="2024-02-11T16:56:51 IST" name="POfficerUpdateThePlacementStatusOfLeaner" finished-at="2024-02-11T16:56:53 IST" duration-ms="2018" status="PASS">
          <reporter-output>
          </reporter-output>
        </test-method> <!-- POfficerUpdateThePlacementStatusOfLeaner -->
        <test-method is-config="true" signature="afterTest()[pri:0, instance:ictak.learnertracker.test.PlacementOfficerLogin@4cc451f2]" started-at="2024-02-11T16:56:53 IST" name="afterTest" finished-at="2024-02-11T16:56:58 IST" duration-ms="5193" status="PASS">
          <reporter-output>
          </reporter-output>
        </test-method> <!-- afterTest -->
      </class> <!-- ictak.learnertracker.test.PlacementOfficerLogin -->
    </test> <!-- Default test -->
  </suite> <!-- Default suite -->
</testng-results>
